<?xml version="1.0" encoding="UTF-8"?>
<!-- Generated by org.testng.reporters.JUnitReportReporter -->
<testsuite name="seleniumpratice.SampleProgram" tests="1" time="20.749" ignored="0" failures="0" timestamp="01 Jul 2018 13:09:14 GMT" skipped="0" hostname="DESKTOP-V515QSP" errors="0">
  <testcase name="test1" time="20.749" classname="seleniumpratice.SampleProgram"/>
</testsuite> <!-- seleniumpratice.SampleProgram -->
