<?xml version="1.0" encoding="UTF-8"?>
<!-- Generated by org.testng.reporters.JUnitReportReporter -->
<testsuite name="com.automation.pageobject.homepage.VerifyLoginWithDifferentrecords" tests="7" time="19.935" ignored="0" failures="0" timestamp="16 Jun 2018 13:20:12 GMT" skipped="0" hostname="DESKTOP-V515QSP" errors="0">
  <testcase name="testLogin" time="3.587" classname="com.automation.pageobject.homepage.VerifyLoginWithDifferentrecords"/>
  <testcase name="testLogin" time="0.002" classname="com.automation.pageobject.homepage.VerifyLoginWithDifferentrecords"/>
  <testcase name="testLogin" time="4.105" classname="com.automation.pageobject.homepage.VerifyLoginWithDifferentrecords"/>
  <testcase name="testLogin" time="3.641" classname="com.automation.pageobject.homepage.VerifyLoginWithDifferentrecords"/>
  <testcase name="testLogin" time="3.766" classname="com.automation.pageobject.homepage.VerifyLoginWithDifferentrecords"/>
  <testcase name="testLogin" time="0.002" classname="com.automation.pageobject.homepage.VerifyLoginWithDifferentrecords"/>
  <testcase name="testLogin" time="4.832" classname="com.automation.pageobject.homepage.VerifyLoginWithDifferentrecords"/>
</testsuite> <!-- com.automation.pageobject.homepage.VerifyLoginWithDifferentrecords -->
