<?xml version="1.0" encoding="UTF-8"?>
<!-- Generated by org.testng.reporters.JUnitReportReporter -->
<testsuite name="com.automation.pageobject.homepage.VerifyCreateAccountbutton" tests="1" time="2.641" ignored="0" failures="0" timestamp="16 Jun 2018 13:39:50 GMT" skipped="0" hostname="DESKTOP-V515QSP" errors="0">
  <testcase name="VerifyCreateAccountbutton" time="2.641" classname="com.automation.pageobject.homepage.VerifyCreateAccountbutton"/>
</testsuite> <!-- com.automation.pageobject.homepage.VerifyCreateAccountbutton -->
