<?xml version="1.0" encoding="UTF-8"?>
<!-- Generated by org.testng.reporters.JUnitReportReporter -->
<testsuite name="com.automation.pageobject.homepage.VerifyLoginWithIncorrectCredentials" tests="1" time="3.985" ignored="0" failures="0" timestamp="16 Jun 2018 13:39:50 GMT" skipped="0" hostname="DESKTOP-V515QSP" errors="0">
  <testcase name="verifyLoginWithIncorrectCredentials" time="3.985" classname="com.automation.pageobject.homepage.VerifyLoginWithIncorrectCredentials"/>
</testsuite> <!-- com.automation.pageobject.homepage.VerifyLoginWithIncorrectCredentials -->
